2020-10-03 16:53:56.227  INFO 15248 --- [main] com.ittx.saml2.Saml2Application          : Starting Saml2Application on 490G3PT with PID 15248 (/home/txm/IdeaProjects/saml2/out/production/classes started by txm in /home/txm/IdeaProjects/saml2)
2020-10-03 16:53:56.245  INFO 15248 --- [main] com.ittx.saml2.Saml2Application          : The following profiles are active: dev
2020-10-03 16:53:57.921  INFO 15248 --- [main] o.s.b.w.embedded.tomcat.TomcatWebServer  : Tomcat initialized with port(s): 9002 (http)
2020-10-03 16:53:57.927  INFO 15248 --- [main] o.apache.catalina.core.StandardService   : Starting service [Tomcat]
2020-10-03 16:53:57.927  INFO 15248 --- [main] org.apache.catalina.core.StandardEngine  : Starting Servlet engine: [Apache Tomcat/9.0.38]
2020-10-03 16:53:57.986  INFO 15248 --- [main] o.a.c.c.C.[Tomcat].[localhost].[/]       : Initializing Spring embedded WebApplicationContext
2020-10-03 16:53:57.986  INFO 15248 --- [main] w.s.c.ServletWebServerApplicationContext : Root WebApplicationContext: initialization completed in 1653 ms
2020-10-03 16:54:04.655  INFO 15248 --- [main] .s.m.p.AbstractReloadingMetadataProvider : New metadata succesfully loaded for 'https://idp.ssocircle.com/meta-idp.xml'
2020-10-03 16:54:04.658  INFO 15248 --- [main] .s.m.p.AbstractReloadingMetadataProvider : Next refresh cycle for metadata provider 'https://idp.ssocircle.com/meta-idp.xml' will occur on '2020-10-03T11:53:59.811Z' ('2020-10-03T19:53:59.811+08:00' local time)
2020-10-03 16:54:04.836  INFO 15248 --- [main] o.s.s.web.DefaultSecurityFilterChain     : Creating filter chain: Ant [pattern='/saml/login/**'], [org.springframework.security.saml.SAMLEntryPoint@261de205]
2020-10-03 16:54:04.836  INFO 15248 --- [main] o.s.s.web.DefaultSecurityFilterChain     : Creating filter chain: Ant [pattern='/saml/logout/**'], [org.springframework.security.saml.SAMLLogoutFilter@16d0e521]
2020-10-03 16:54:04.836  INFO 15248 --- [main] o.s.s.web.DefaultSecurityFilterChain     : Creating filter chain: Ant [pattern='/saml/metadata/**'], [org.springframework.security.saml.metadata.MetadataDisplayFilter@59d0cdb6]
2020-10-03 16:54:04.837  INFO 15248 --- [main] o.s.s.web.DefaultSecurityFilterChain     : Creating filter chain: Ant [pattern='/saml/SSO/**'], [org.springframework.security.saml.SAMLProcessingFilter@26582ca]
2020-10-03 16:54:04.837  INFO 15248 --- [main] o.s.s.web.DefaultSecurityFilterChain     : Creating filter chain: Ant [pattern='/saml/SSOHoK/**'], [org.springframework.security.saml.SAMLWebSSOHoKProcessingFilter@1c046c92]
2020-10-03 16:54:04.837  INFO 15248 --- [main] o.s.s.web.DefaultSecurityFilterChain     : Creating filter chain: Ant [pattern='/saml/SingleLogout/**'], [org.springframework.security.saml.SAMLLogoutProcessingFilter@5234b61a]
2020-10-03 16:54:04.837  INFO 15248 --- [main] o.s.s.web.DefaultSecurityFilterChain     : Creating filter chain: Ant [pattern='/saml/discovery/**'], [org.springframework.security.saml.SAMLDiscovery@7f3fc42f]
2020-10-03 16:54:04.994  INFO 15248 --- [main] o.s.s.web.DefaultSecurityFilterChain     : Creating filter chain: any request, [org.springframework.security.saml.metadata.MetadataGeneratorFilter@1f536481, org.springframework.security.web.context.request.async.WebAsyncManagerIntegrationFilter@2e6d76ba, org.springframework.security.web.context.SecurityContextPersistenceFilter@4f114b, org.springframework.security.web.header.HeaderWriterFilter@66f16742, FilterChainProxy[Filter Chains: [[ Ant [pattern='/saml/login/**'], [org.springframework.security.saml.SAMLEntryPoint@261de205]], [ Ant [pattern='/saml/logout/**'], [org.springframework.security.saml.SAMLLogoutFilter@16d0e521]], [ Ant [pattern='/saml/metadata/**'], [org.springframework.security.saml.metadata.MetadataDisplayFilter@59d0cdb6]], [ Ant [pattern='/saml/SSO/**'], [org.springframework.security.saml.SAMLProcessingFilter@26582ca]], [ Ant [pattern='/saml/SSOHoK/**'], [org.springframework.security.saml.SAMLWebSSOHoKProcessingFilter@1c046c92]], [ Ant [pattern='/saml/SingleLogout/**'], [org.springframework.security.saml.SAMLLogoutProcessingFilter@5234b61a]], [ Ant [pattern='/saml/discovery/**'], [org.springframework.security.saml.SAMLDiscovery@7f3fc42f]]]], FilterChainProxy[Filter Chains: [[ Ant [pattern='/saml/login/**'], [org.springframework.security.saml.SAMLEntryPoint@261de205]], [ Ant [pattern='/saml/logout/**'], [org.springframework.security.saml.SAMLLogoutFilter@16d0e521]], [ Ant [pattern='/saml/metadata/**'], [org.springframework.security.saml.metadata.MetadataDisplayFilter@59d0cdb6]], [ Ant [pattern='/saml/SSO/**'], [org.springframework.security.saml.SAMLProcessingFilter@26582ca]], [ Ant [pattern='/saml/SSOHoK/**'], [org.springframework.security.saml.SAMLWebSSOHoKProcessingFilter@1c046c92]], [ Ant [pattern='/saml/SingleLogout/**'], [org.springframework.security.saml.SAMLLogoutProcessingFilter@5234b61a]], [ Ant [pattern='/saml/discovery/**'], [org.springframework.security.saml.SAMLDiscovery@7f3fc42f]]]], org.springframework.security.web.csrf.CsrfFilter@7b18658a, org.springframework.security.web.authentication.www.BasicAuthenticationFilter@4ef18604, org.springframework.security.web.savedrequest.RequestCacheAwareFilter@3fde2209, org.springframework.security.web.servletapi.SecurityContextHolderAwareRequestFilter@2322e56f, org.springframework.security.web.authentication.AnonymousAuthenticationFilter@22a6d75c, org.springframework.security.web.session.SessionManagementFilter@3c54ddec, org.springframework.security.web.access.ExceptionTranslationFilter@57186526, org.springframework.security.web.access.intercept.FilterSecurityInterceptor@7e61e25c]
2020-10-03 16:54:05.074  INFO 15248 --- [main] o.s.s.concurrent.ThreadPoolTaskExecutor  : Initializing ExecutorService 'applicationTaskExecutor'
2020-10-03 16:54:05.332  INFO 15248 --- [main] o.s.b.w.embedded.tomcat.TomcatWebServer  : Tomcat started on port(s): 9002 (http) with context path ''
2020-10-03 16:54:05.342  INFO 15248 --- [main] com.ittx.saml2.Saml2Application          : Started Saml2Application in 9.498 seconds (JVM running for 10.344)
2020-10-03 16:54:49.391  INFO 15248 --- [http-nio-9002-exec-1] o.a.c.c.C.[Tomcat].[localhost].[/]       : Initializing Spring DispatcherServlet 'dispatcherServlet'
2020-10-03 16:54:49.391  INFO 15248 --- [http-nio-9002-exec-1] o.s.web.servlet.DispatcherServlet        : Initializing Servlet 'dispatcherServlet'
2020-10-03 16:54:49.398  INFO 15248 --- [http-nio-9002-exec-1] o.s.web.servlet.DispatcherServlet        : Completed initialization in 7 ms
2020-10-03 16:54:49.409  INFO 15248 --- [http-nio-9002-exec-1] o.s.s.s.m.MetadataGeneratorFilter        : No default metadata configured, generating with default values, please pre-configure metadata for production use
2020-10-03 16:54:49.409  WARN 15248 --- [http-nio-9002-exec-1] o.s.s.s.m.MetadataGeneratorFilter        : Generated default entity base URL http://127.0.0.1:9002 based on values in the first server request. Please set property entityBaseURL on MetadataGenerator bean to fixate the value.
2020-10-03 16:54:49.429  INFO 15248 --- [http-nio-9002-exec-1] o.s.s.s.m.MetadataGeneratorFilter        : Created default metadata for system with entityID: com:ttx:sp
2020-10-03 16:54:53.434  INFO 15248 --- [http-nio-9002-exec-7] com.ittx.saml2.controller.SSOController  : Configured Identity Provider for SSO: https://idp.ssocircle.com
2020-10-03 16:54:58.213  INFO 15248 --- [http-nio-9002-exec-3] o.s.security.saml.log.SAMLDefaultLogger  : AuthNRequest;SUCCESS;127.0.0.1;com:ttx:sp;https://idp.ssocircle.com;;;
2020-10-03 17:01:29.160  INFO 15248 --- [http-nio-9002-exec-6] colMessageXMLSignatureSecurityPolicyRule : SAML protocol message was not signed, skipping XML signature processing
2020-10-03 17:01:29.164  INFO 15248 --- [http-nio-9002-exec-6] o.s.security.saml.log.SAMLDefaultLogger  : AuthNResponse;FAILURE;127.0.0.1;com:ttx:sp;https://idp.ssocircle.com;;;org.opensaml.common.SAMLException: InResponseToField of the Response doesn't correspond to sent message a34e28412icheh3818fi6fbgh8d11fb
	at org.springframework.security.saml.websso.WebSSOProfileConsumerImpl.processAuthenticationResponse(WebSSOProfileConsumerImpl.java:175)
	at org.springframework.security.saml.SAMLAuthenticationProvider.authenticate(SAMLAuthenticationProvider.java:88)
	at org.springframework.security.authentication.ProviderManager.authenticate(ProviderManager.java:199)
	at org.springframework.security.saml.SAMLProcessingFilter.attemptAuthentication(SAMLProcessingFilter.java:92)
	at org.springframework.security.web.authentication.AbstractAuthenticationProcessingFilter.doFilter(AbstractAuthenticationProcessingFilter.java:212)
	at org.springframework.security.web.FilterChainProxy$VirtualFilterChain.doFilter(FilterChainProxy.java:334)
	at org.springframework.security.web.FilterChainProxy.doFilterInternal(FilterChainProxy.java:215)
	at org.springframework.security.web.FilterChainProxy.doFilter(FilterChainProxy.java:186)
	at org.springframework.security.web.FilterChainProxy$VirtualFilterChain.doFilter(FilterChainProxy.java:334)
	at org.springframework.security.web.header.HeaderWriterFilter.doHeadersAfter(HeaderWriterFilter.java:92)
	at org.springframework.security.web.header.HeaderWriterFilter.doFilterInternal(HeaderWriterFilter.java:77)
	at org.springframework.web.filter.OncePerRequestFilter.doFilter(OncePerRequestFilter.java:119)
	at org.springframework.security.web.FilterChainProxy$VirtualFilterChain.doFilter(FilterChainProxy.java:334)
	at org.springframework.security.web.context.SecurityContextPersistenceFilter.doFilter(SecurityContextPersistenceFilter.java:105)
	at org.springframework.security.web.FilterChainProxy$VirtualFilterChain.doFilter(FilterChainProxy.java:334)
	at org.springframework.security.web.context.request.async.WebAsyncManagerIntegrationFilter.doFilterInternal(WebAsyncManagerIntegrationFilter.java:56)
	at org.springframework.web.filter.OncePerRequestFilter.doFilter(OncePerRequestFilter.java:119)
	at org.springframework.security.web.FilterChainProxy$VirtualFilterChain.doFilter(FilterChainProxy.java:334)
	at org.springframework.security.saml.metadata.MetadataGeneratorFilter.doFilter(MetadataGeneratorFilter.java:87)
	at org.springframework.security.web.FilterChainProxy$VirtualFilterChain.doFilter(FilterChainProxy.java:334)
	at org.springframework.security.web.FilterChainProxy.doFilterInternal(FilterChainProxy.java:215)
	at org.springframework.security.web.FilterChainProxy.doFilter(FilterChainProxy.java:178)
	at org.springframework.web.filter.DelegatingFilterProxy.invokeDelegate(DelegatingFilterProxy.java:358)
	at org.springframework.web.filter.DelegatingFilterProxy.doFilter(DelegatingFilterProxy.java:271)
	at org.apache.catalina.core.ApplicationFilterChain.internalDoFilter(ApplicationFilterChain.java:193)
	at org.apache.catalina.core.ApplicationFilterChain.doFilter(ApplicationFilterChain.java:166)
	at org.springframework.web.filter.RequestContextFilter.doFilterInternal(RequestContextFilter.java:100)
	at org.springframework.web.filter.OncePerRequestFilter.doFilter(OncePerRequestFilter.java:119)
	at org.apache.catalina.core.ApplicationFilterChain.internalDoFilter(ApplicationFilterChain.java:193)
	at org.apache.catalina.core.ApplicationFilterChain.doFilter(ApplicationFilterChain.java:166)
	at org.springframework.web.filter.FormContentFilter.doFilterInternal(FormContentFilter.java:93)
	at org.springframework.web.filter.OncePerRequestFilter.doFilter(OncePerRequestFilter.java:119)
	at org.apache.catalina.core.ApplicationFilterChain.internalDoFilter(ApplicationFilterChain.java:193)
	at org.apache.catalina.core.ApplicationFilterChain.doFilter(ApplicationFilterChain.java:166)
	at org.springframework.web.filter.CharacterEncodingFilter.doFilterInternal(CharacterEncodingFilter.java:201)
	at org.springframework.web.filter.OncePerRequestFilter.doFilter(OncePerRequestFilter.java:119)
	at org.apache.catalina.core.ApplicationFilterChain.internalDoFilter(ApplicationFilterChain.java:193)
	at org.apache.catalina.core.ApplicationFilterChain.doFilter(ApplicationFilterChain.java:166)
	at org.apache.catalina.core.StandardWrapperValve.invoke(StandardWrapperValve.java:202)
	at org.apache.catalina.core.StandardContextValve.invoke(StandardContextValve.java:97)
	at org.apache.catalina.authenticator.AuthenticatorBase.invoke(AuthenticatorBase.java:541)
	at org.apache.catalina.core.StandardHostValve.invoke(StandardHostValve.java:143)
	at org.apache.catalina.valves.ErrorReportValve.invoke(ErrorReportValve.java:92)
	at org.apache.catalina.core.StandardEngineValve.invoke(StandardEngineValve.java:78)
	at org.apache.catalina.connector.CoyoteAdapter.service(CoyoteAdapter.java:343)
	at org.apache.coyote.http11.Http11Processor.service(Http11Processor.java:374)
	at org.apache.coyote.AbstractProcessorLight.process(AbstractProcessorLight.java:65)
	at org.apache.coyote.AbstractProtocol$ConnectionHandler.process(AbstractProtocol.java:868)
	at org.apache.tomcat.util.net.NioEndpoint$SocketProcessor.doRun(NioEndpoint.java:1590)
	at org.apache.tomcat.util.net.SocketProcessorBase.run(SocketProcessorBase.java:49)
	at java.util.concurrent.ThreadPoolExecutor.runWorker(ThreadPoolExecutor.java:1149)
	at java.util.concurrent.ThreadPoolExecutor$Worker.run(ThreadPoolExecutor.java:624)
	at org.apache.tomcat.util.threads.TaskThread$WrappingRunnable.run(TaskThread.java:61)
	at java.lang.Thread.run(Thread.java:748)

2020-10-03 17:01:29.328  INFO 15248 --- [http-nio-9002-exec-9] com.ittx.saml2.controller.SSOController  : Configured Identity Provider for SSO: https://idp.ssocircle.com
2020-10-03 17:02:06.557  INFO 15248 --- [http-nio-9002-exec-4] com.ittx.saml2.controller.SSOController  : Configured Identity Provider for SSO: https://idp.ssocircle.com
2020-10-03 17:02:12.910  INFO 15248 --- [http-nio-9002-exec-1] com.ittx.saml2.controller.SSOController  : Configured Identity Provider for SSO: https://idp.ssocircle.com
2020-10-03 17:02:17.990  INFO 15248 --- [http-nio-9002-exec-8] o.s.security.saml.log.SAMLDefaultLogger  : AuthNRequest;SUCCESS;127.0.0.1;com:ttx:sp;https://idp.ssocircle.com;;;
2020-10-03 17:02:34.966  INFO 15248 --- [http-nio-9002-exec-9] colMessageXMLSignatureSecurityPolicyRule : SAML protocol message was not signed, skipping XML signature processing
2020-10-03 17:02:35.027  INFO 15248 --- [http-nio-9002-exec-9] c.i.s.s.SAMLUserDetailsServiceImpl       : tcdj2014 is logged in
2020-10-03 17:02:35.032  INFO 15248 --- [http-nio-9002-exec-9] o.s.security.saml.log.SAMLDefaultLogger  : AuthNResponse;SUCCESS;127.0.0.1;com:ttx:sp;https://idp.ssocircle.com;tcdj2014;;
2020-10-03 17:02:35.044  WARN 15248 --- [http-nio-9002-exec-10] .w.s.m.s.DefaultHandlerExceptionResolver : Resolved [org.springframework.http.converter.HttpMessageNotReadableException: Required request body is missing: public java.lang.String com.ittx.saml2.controller.LandingController.landing(java.lang.Object,org.springframework.ui.Model)]
2020-10-03 17:03:49.178  INFO 15248 --- [http-nio-9002-exec-7] com.ittx.saml2.controller.SSOController  : Configured Identity Provider for SSO: https://idp.ssocircle.com
2020-10-03 17:03:52.963  INFO 15248 --- [http-nio-9002-exec-3] o.s.security.saml.log.SAMLDefaultLogger  : AuthNRequest;SUCCESS;127.0.0.1;com:ttx:sp;https://idp.ssocircle.com;;;
2020-10-03 17:03:58.641  INFO 15248 --- [http-nio-9002-exec-2] colMessageXMLSignatureSecurityPolicyRule : SAML protocol message was not signed, skipping XML signature processing
2020-10-03 17:03:58.642  INFO 15248 --- [http-nio-9002-exec-2] o.s.security.saml.log.SAMLDefaultLogger  : AuthNResponse;FAILURE;127.0.0.1;com:ttx:sp;https://idp.ssocircle.com;;;org.opensaml.common.SAMLException: InResponseToField of the Response doesn't correspond to sent message a3ie4c9i959969id33j8hbih4eidh6f
	at org.springframework.security.saml.websso.WebSSOProfileConsumerImpl.processAuthenticationResponse(WebSSOProfileConsumerImpl.java:175)
	at org.springframework.security.saml.SAMLAuthenticationProvider.authenticate(SAMLAuthenticationProvider.java:88)
	at org.springframework.security.authentication.ProviderManager.authenticate(ProviderManager.java:199)
	at org.springframework.security.saml.SAMLProcessingFilter.attemptAuthentication(SAMLProcessingFilter.java:92)
	at org.springframework.security.web.authentication.AbstractAuthenticationProcessingFilter.doFilter(AbstractAuthenticationProcessingFilter.java:212)
	at org.springframework.security.web.FilterChainProxy$VirtualFilterChain.doFilter(FilterChainProxy.java:334)
	at org.springframework.security.web.FilterChainProxy.doFilterInternal(FilterChainProxy.java:215)
	at org.springframework.security.web.FilterChainProxy.doFilter(FilterChainProxy.java:186)
	at org.springframework.security.web.FilterChainProxy$VirtualFilterChain.doFilter(FilterChainProxy.java:334)
	at org.springframework.security.web.header.HeaderWriterFilter.doHeadersAfter(HeaderWriterFilter.java:92)
	at org.springframework.security.web.header.HeaderWriterFilter.doFilterInternal(HeaderWriterFilter.java:77)
	at org.springframework.web.filter.OncePerRequestFilter.doFilter(OncePerRequestFilter.java:119)
	at org.springframework.security.web.FilterChainProxy$VirtualFilterChain.doFilter(FilterChainProxy.java:334)
	at org.springframework.security.web.context.SecurityContextPersistenceFilter.doFilter(SecurityContextPersistenceFilter.java:105)
	at org.springframework.security.web.FilterChainProxy$VirtualFilterChain.doFilter(FilterChainProxy.java:334)
	at org.springframework.security.web.context.request.async.WebAsyncManagerIntegrationFilter.doFilterInternal(WebAsyncManagerIntegrationFilter.java:56)
	at org.springframework.web.filter.OncePerRequestFilter.doFilter(OncePerRequestFilter.java:119)
	at org.springframework.security.web.FilterChainProxy$VirtualFilterChain.doFilter(FilterChainProxy.java:334)
	at org.springframework.security.saml.metadata.MetadataGeneratorFilter.doFilter(MetadataGeneratorFilter.java:87)
	at org.springframework.security.web.FilterChainProxy$VirtualFilterChain.doFilter(FilterChainProxy.java:334)
	at org.springframework.security.web.FilterChainProxy.doFilterInternal(FilterChainProxy.java:215)
	at org.springframework.security.web.FilterChainProxy.doFilter(FilterChainProxy.java:178)
	at org.springframework.web.filter.DelegatingFilterProxy.invokeDelegate(DelegatingFilterProxy.java:358)
	at org.springframework.web.filter.DelegatingFilterProxy.doFilter(DelegatingFilterProxy.java:271)
	at org.apache.catalina.core.ApplicationFilterChain.internalDoFilter(ApplicationFilterChain.java:193)
	at org.apache.catalina.core.ApplicationFilterChain.doFilter(ApplicationFilterChain.java:166)
	at org.springframework.web.filter.RequestContextFilter.doFilterInternal(RequestContextFilter.java:100)
	at org.springframework.web.filter.OncePerRequestFilter.doFilter(OncePerRequestFilter.java:119)
	at org.apache.catalina.core.ApplicationFilterChain.internalDoFilter(ApplicationFilterChain.java:193)
	at org.apache.catalina.core.ApplicationFilterChain.doFilter(ApplicationFilterChain.java:166)
	at org.springframework.web.filter.FormContentFilter.doFilterInternal(FormContentFilter.java:93)
	at org.springframework.web.filter.OncePerRequestFilter.doFilter(OncePerRequestFilter.java:119)
	at org.apache.catalina.core.ApplicationFilterChain.internalDoFilter(ApplicationFilterChain.java:193)
	at org.apache.catalina.core.ApplicationFilterChain.doFilter(ApplicationFilterChain.java:166)
	at org.springframework.web.filter.CharacterEncodingFilter.doFilterInternal(CharacterEncodingFilter.java:201)
	at org.springframework.web.filter.OncePerRequestFilter.doFilter(OncePerRequestFilter.java:119)
	at org.apache.catalina.core.ApplicationFilterChain.internalDoFilter(ApplicationFilterChain.java:193)
	at org.apache.catalina.core.ApplicationFilterChain.doFilter(ApplicationFilterChain.java:166)
	at org.apache.catalina.core.StandardWrapperValve.invoke(StandardWrapperValve.java:202)
	at org.apache.catalina.core.StandardContextValve.invoke(StandardContextValve.java:97)
	at org.apache.catalina.authenticator.AuthenticatorBase.invoke(AuthenticatorBase.java:541)
	at org.apache.catalina.core.StandardHostValve.invoke(StandardHostValve.java:143)
	at org.apache.catalina.valves.ErrorReportValve.invoke(ErrorReportValve.java:92)
	at org.apache.catalina.core.StandardEngineValve.invoke(StandardEngineValve.java:78)
	at org.apache.catalina.connector.CoyoteAdapter.service(CoyoteAdapter.java:343)
	at org.apache.coyote.http11.Http11Processor.service(Http11Processor.java:374)
	at org.apache.coyote.AbstractProcessorLight.process(AbstractProcessorLight.java:65)
	at org.apache.coyote.AbstractProtocol$ConnectionHandler.process(AbstractProtocol.java:868)
	at org.apache.tomcat.util.net.NioEndpoint$SocketProcessor.doRun(NioEndpoint.java:1590)
	at org.apache.tomcat.util.net.SocketProcessorBase.run(SocketProcessorBase.java:49)
	at java.util.concurrent.ThreadPoolExecutor.runWorker(ThreadPoolExecutor.java:1149)
	at java.util.concurrent.ThreadPoolExecutor$Worker.run(ThreadPoolExecutor.java:624)
	at org.apache.tomcat.util.threads.TaskThread$WrappingRunnable.run(TaskThread.java:61)
	at java.lang.Thread.run(Thread.java:748)

2020-10-03 17:04:39.044  INFO 15248 --- [http-nio-9002-exec-5] com.ittx.saml2.controller.SSOController  : Configured Identity Provider for SSO: https://idp.ssocircle.com
2020-10-03 17:04:41.209  INFO 15248 --- [http-nio-9002-exec-10] o.s.security.saml.log.SAMLDefaultLogger  : AuthNRequest;SUCCESS;127.0.0.1;com:ttx:sp;https://idp.ssocircle.com;;;
2020-10-03 17:04:47.599  INFO 15248 --- [http-nio-9002-exec-1] colMessageXMLSignatureSecurityPolicyRule : SAML protocol message was not signed, skipping XML signature processing
2020-10-03 17:04:47.608  INFO 15248 --- [http-nio-9002-exec-1] c.i.s.s.SAMLUserDetailsServiceImpl       : tcdj2014 is logged in
2020-10-03 17:04:47.608  INFO 15248 --- [http-nio-9002-exec-1] o.s.security.saml.log.SAMLDefaultLogger  : AuthNResponse;SUCCESS;127.0.0.1;com:ttx:sp;https://idp.ssocircle.com;tcdj2014;;
2020-10-03 17:04:47.652  WARN 15248 --- [http-nio-9002-exec-3] .w.s.m.s.DefaultHandlerExceptionResolver : Resolved [org.springframework.http.converter.HttpMessageNotReadableException: Required request body is missing: public java.lang.String com.ittx.saml2.controller.LandingController.landing(java.lang.Object,org.springframework.ui.Model)]
2020-10-03 17:08:44.288  INFO 15248 --- [SpringContextShutdownHook] o.s.s.concurrent.ThreadPoolTaskExecutor  : Shutting down ExecutorService 'applicationTaskExecutor'
